<?xml version="1.0" encoding="UTF-8"?>
<coverage generated="1586921932657" clover="3.2.0">
  <project timestamp="1586921932657" name="All files">
    <metrics statements="61" coveredstatements="24" conditionals="42" coveredconditionals="17" methods="13" coveredmethods="11" elements="116" coveredelements="52" complexity="0" loc="61" ncloc="61" packages="1" files="4" classes="4"/>
    <file name="App.js" path="/Users/eden/meetup/src/App.js">
      <metrics statements="8" coveredstatements="8" conditionals="6" coveredconditionals="6" methods="5" coveredmethods="5"/>
      <line num="10" count="5" type="stmt"/>
      <line num="18" count="5" type="stmt"/>
      <line num="22" count="1" type="stmt"/>
      <line num="25" count="1" type="stmt"/>
      <line num="28" count="5" type="stmt"/>
      <line num="30" count="7" type="stmt"/>
      <line num="34" count="7" type="stmt"/>
      <line num="40" count="15" type="stmt"/>
    </file>
    <file name="EventList.js" path="/Users/eden/meetup/src/EventList.js">
      <metrics statements="2" coveredstatements="2" conditionals="0" coveredconditionals="0" methods="2" coveredmethods="2"/>
      <line num="11" count="12" type="stmt"/>
      <line num="14" count="73" type="stmt"/>
    </file>
    <file name="NumberOfEvents.js" path="/Users/eden/meetup/src/NumberOfEvents.js">
      <metrics statements="8" coveredstatements="8" conditionals="8" coveredconditionals="7" methods="2" coveredmethods="2"/>
      <line num="6" count="8" type="stmt"/>
      <line num="10" count="8" type="stmt"/>
      <line num="11" count="4" type="stmt"/>
      <line num="12" count="4" type="cond" truecount="4" falsecount="0"/>
      <line num="13" count="3" type="stmt"/>
      <line num="14" count="3" type="stmt"/>
      <line num="18" count="18" type="cond" truecount="3" falsecount="1"/>
      <line num="20" count="18" type="stmt"/>
    </file>
    <file name="api.js" path="/Users/eden/meetup/src/api.js">
      <metrics statements="43" coveredstatements="6" conditionals="28" coveredconditionals="4" methods="4" coveredmethods="2"/>
      <line num="5" count="2" type="cond" truecount="1" falsecount="1"/>
      <line num="6" count="2" type="stmt"/>
      <line num="29" count="0" type="stmt"/>
      <line num="30" count="0" type="cond" truecount="0" falsecount="2"/>
      <line num="31" count="0" type="stmt"/>
      <line num="34" count="0" type="stmt"/>
      <line num="35" count="0" type="stmt"/>
      <line num="37" count="0" type="stmt"/>
      <line num="41" count="0" type="stmt"/>
      <line num="43" count="0" type="cond" truecount="0" falsecount="2"/>
      <line num="44" count="0" type="stmt"/>
      <line num="45" count="0" type="stmt"/>
      <line num="47" count="0" type="cond" truecount="0" falsecount="2"/>
      <line num="48" count="0" type="stmt"/>
      <line num="49" count="0" type="stmt"/>
      <line num="51" count="0" type="stmt"/>
      <line num="54" count="0" type="stmt"/>
      <line num="56" count="0" type="cond" truecount="0" falsecount="4"/>
      <line num="57" count="0" type="stmt"/>
      <line num="61" count="0" type="stmt"/>
      <line num="62" count="0" type="stmt"/>
      <line num="67" count="7" type="cond" truecount="1" falsecount="1"/>
      <line num="68" count="7" type="cond" truecount="2" falsecount="0"/>
      <line num="69" count="1" type="stmt"/>
      <line num="71" count="6" type="stmt"/>
      <line num="75" count="0" type="stmt"/>
      <line num="77" count="0" type="cond" truecount="0" falsecount="2"/>
      <line num="78" count="0" type="stmt"/>
      <line num="81" count="0" type="cond" truecount="0" falsecount="4"/>
      <line num="82" count="0" type="stmt"/>
      <line num="84" count="0" type="cond" truecount="0" falsecount="2"/>
      <line num="85" count="0" type="stmt"/>
      <line num="87" count="0" type="stmt"/>
      <line num="88" count="0" type="stmt"/>
      <line num="94" count="0" type="cond" truecount="0" falsecount="2"/>
      <line num="96" count="0" type="stmt"/>
      <line num="98" count="0" type="cond" truecount="0" falsecount="2"/>
      <line num="100" count="0" type="stmt"/>
      <line num="105" count="0" type="stmt"/>
      <line num="108" count="0" type="stmt"/>
      <line num="109" count="0" type="stmt"/>
      <line num="110" count="0" type="stmt"/>
      <line num="113" count="0" type="stmt"/>
    </file>
  </project>
</coverage>
