{"/Users/eden/meetup/src/App.js": {"path":"/Users/eden/meetup/src/App.js","statementMap":{"0":{"start":{"line":10,"column":10},"end":{"line":15,"column":3}},"1":{"start":{"line":18,"column":6},"end":{"line":18,"column":26}},"2":{"start":{"line":22,"column":6},"end":{"line":24,"column":9}},"3":{"start":{"line":25,"column":6},"end":{"line":25,"column":63}},"4":{"start":{"line":28,"column":17},"end":{"line":37,"column":3}},"5":{"start":{"line":30,"column":6},"end":{"line":36,"column":8}},"6":{"start":{"line":34,"column":14},"end":{"line":34,"column":48}},"7":{"start":{"line":40,"column":4},"end":{"line":51,"column":6}}},"fnMap":{"0":{"name":"(anonymous_0)","decl":{"start":{"line":17,"column":2},"end":{"line":17,"column":3}},"loc":{"start":{"line":17,"column":22},"end":{"line":19,"column":3}},"line":17},"1":{"name":"(anonymous_1)","decl":{"start":{"line":21,"column":2},"end":{"line":21,"column":3}},"loc":{"start":{"line":21,"column":20},"end":{"line":26,"column":3}},"line":21},"2":{"name":"(anonymous_2)","decl":{"start":{"line":28,"column":17},"end":{"line":28,"column":18}},"loc":{"start":{"line":28,"column":37},"end":{"line":37,"column":3}},"line":28},"3":{"name":"(anonymous_3)","decl":{"start":{"line":33,"column":62},"end":{"line":33,"column":63}},"loc":{"start":{"line":33,"column":72},"end":{"line":35,"column":11}},"line":33},"4":{"name":"(anonymous_4)","decl":{"start":{"line":39,"column":2},"end":{"line":39,"column":3}},"loc":{"start":{"line":39,"column":11},"end":{"line":52,"column":3}},"line":39}},"branchMap":{"0":{"loc":{"start":{"line":31,"column":10},"end":{"line":31,"column":36}},"type":"cond-expr","locations":[{"start":{"line":31,"column":16},"end":{"line":31,"column":19}},{"start":{"line":31,"column":22},"end":{"line":31,"column":36}}],"line":31},"1":{"loc":{"start":{"line":32,"column":10},"end":{"line":32,"column":36}},"type":"cond-expr","locations":[{"start":{"line":32,"column":16},"end":{"line":32,"column":19}},{"start":{"line":32,"column":22},"end":{"line":32,"column":36}}],"line":32},"2":{"loc":{"start":{"line":33,"column":10},"end":{"line":33,"column":55}},"type":"cond-expr","locations":[{"start":{"line":33,"column":33},"end":{"line":33,"column":37}},{"start":{"line":33,"column":40},"end":{"line":33,"column":55}}],"line":33}},"s":{"0":5,"1":5,"2":1,"3":1,"4":5,"5":7,"6":7,"7":15},"f":{"0":5,"1":1,"2":7,"3":7,"4":15},"b":{"0":[1,6],"1":[1,6],"2":[1,6]},"_coverageSchema":"43e27e138ebf9cfc5966b082cf9a028302ed4184","hash":"6399f1ade7a8a6a01f81d95c4084ffc5fc45cdf0"}
,"/Users/eden/meetup/src/EventList.js": {"path":"/Users/eden/meetup/src/EventList.js","statementMap":{"0":{"start":{"line":11,"column":8},"end":{"line":19,"column":10}},"1":{"start":{"line":14,"column":20},"end":{"line":16,"column":25}}},"fnMap":{"0":{"name":"(anonymous_0)","decl":{"start":{"line":7,"column":4},"end":{"line":7,"column":5}},"loc":{"start":{"line":7,"column":13},"end":{"line":20,"column":5}},"line":7},"1":{"name":"(anonymous_1)","decl":{"start":{"line":13,"column":57},"end":{"line":13,"column":58}},"loc":{"start":{"line":14,"column":20},"end":{"line":16,"column":25}},"line":14}},"branchMap":{},"s":{"0":12,"1":73},"f":{"0":12,"1":73},"b":{},"_coverageSchema":"43e27e138ebf9cfc5966b082cf9a028302ed4184","hash":"55a75a2ed457879f533529fe34bf81d2efc577ca"}
,"/Users/eden/meetup/src/NumberOfEvents.js": {"path":"/Users/eden/meetup/src/NumberOfEvents.js","statementMap":{"0":{"start":{"line":6,"column":12},"end":{"line":8,"column":5}},"1":{"start":{"line":10,"column":17},"end":{"line":15,"column":5}},"2":{"start":{"line":11,"column":22},"end":{"line":11,"column":40}},"3":{"start":{"line":12,"column":8},"end":{"line":12,"column":49}},"4":{"start":{"line":12,"column":42},"end":{"line":12,"column":49}},"5":{"start":{"line":13,"column":8},"end":{"line":13,"column":37}},"6":{"start":{"line":14,"column":8},"end":{"line":14,"column":37}},"7":{"start":{"line":18,"column":8},"end":{"line":18,"column":81}},"8":{"start":{"line":18,"column":69},"end":{"line":18,"column":81}},"9":{"start":{"line":20,"column":8},"end":{"line":29,"column":10}}},"fnMap":{"0":{"name":"(anonymous_0)","decl":{"start":{"line":10,"column":17},"end":{"line":10,"column":18}},"loc":{"start":{"line":10,"column":28},"end":{"line":15,"column":5}},"line":10},"1":{"name":"(anonymous_1)","decl":{"start":{"line":17,"column":4},"end":{"line":17,"column":5}},"loc":{"start":{"line":17,"column":13},"end":{"line":30,"column":5}},"line":17}},"branchMap":{"0":{"loc":{"start":{"line":12,"column":8},"end":{"line":12,"column":49}},"type":"if","locations":[{"start":{"line":12,"column":8},"end":{"line":12,"column":49}},{"start":{"line":12,"column":8},"end":{"line":12,"column":49}}],"line":12},"1":{"loc":{"start":{"line":12,"column":12},"end":{"line":12,"column":40}},"type":"binary-expr","locations":[{"start":{"line":12,"column":12},"end":{"line":12,"column":24}},{"start":{"line":12,"column":28},"end":{"line":12,"column":40}}],"line":12},"2":{"loc":{"start":{"line":18,"column":8},"end":{"line":18,"column":81}},"type":"if","locations":[{"start":{"line":18,"column":8},"end":{"line":18,"column":81}},{"start":{"line":18,"column":8},"end":{"line":18,"column":81}}],"line":18},"3":{"loc":{"start":{"line":18,"column":12},"end":{"line":18,"column":67}},"type":"binary-expr","locations":[{"start":{"line":18,"column":12},"end":{"line":18,"column":41}},{"start":{"line":18,"column":45},"end":{"line":18,"column":67}}],"line":18}},"s":{"0":8,"1":8,"2":4,"3":4,"4":1,"5":3,"6":3,"7":18,"8":0,"9":18},"f":{"0":4,"1":18},"b":{"0":[1,3],"1":[4,1],"2":[0,18],"3":[18,18]},"_coverageSchema":"43e27e138ebf9cfc5966b082cf9a028302ed4184","hash":"f84bf081e2bd3c3f9d03ab1859ab2d4b5e2cfbe7"}
,"/Users/eden/meetup/src/api.js": {"path":"/Users/eden/meetup/src/api.js","statementMap":{"0":{"start":{"line":5,"column":4},"end":{"line":27,"column":5}},"1":{"start":{"line":6,"column":8},"end":{"line":26,"column":10}},"2":{"start":{"line":29,"column":18},"end":{"line":29,"column":40}},"3":{"start":{"line":30,"column":4},"end":{"line":36,"column":5}},"4":{"start":{"line":31,"column":20},"end":{"line":33,"column":38}},"5":{"start":{"line":34,"column":23},"end":{"line":34,"column":43}},"6":{"start":{"line":35,"column":8},"end":{"line":35,"column":27}},"7":{"start":{"line":37,"column":4},"end":{"line":37,"column":14}},"8":{"start":{"line":41,"column":24},"end":{"line":41,"column":60}},"9":{"start":{"line":43,"column":4},"end":{"line":52,"column":5}},"10":{"start":{"line":44,"column":29},"end":{"line":44,"column":72}},"11":{"start":{"line":45,"column":21},"end":{"line":45,"column":45}},"12":{"start":{"line":47,"column":8},"end":{"line":50,"column":9}},"13":{"start":{"line":48,"column":12},"end":{"line":48,"column":185}},"14":{"start":{"line":49,"column":12},"end":{"line":49,"column":24}},"15":{"start":{"line":51,"column":8},"end":{"line":51,"column":50}},"16":{"start":{"line":54,"column":26},"end":{"line":54,"column":65}},"17":{"start":{"line":56,"column":4},"end":{"line":58,"column":5}},"18":{"start":{"line":57,"column":8},"end":{"line":57,"column":27}},"19":{"start":{"line":61,"column":25},"end":{"line":61,"column":62}},"20":{"start":{"line":62,"column":4},"end":{"line":62,"column":56}},"21":{"start":{"line":67,"column":4},"end":{"line":73,"column":5}},"22":{"start":{"line":68,"column":8},"end":{"line":72,"column":9}},"23":{"start":{"line":69,"column":12},"end":{"line":69,"column":52}},"24":{"start":{"line":71,"column":12},"end":{"line":71,"column":37}},"25":{"start":{"line":75,"column":18},"end":{"line":75,"column":40}},"26":{"start":{"line":77,"column":4},"end":{"line":89,"column":5}},"27":{"start":{"line":78,"column":18},"end":{"line":79,"column":38}},"28":{"start":{"line":81,"column":8},"end":{"line":83,"column":9}},"29":{"start":{"line":82,"column":12},"end":{"line":82,"column":49}},"30":{"start":{"line":84,"column":8},"end":{"line":86,"column":9}},"31":{"start":{"line":85,"column":12},"end":{"line":85,"column":35}},"32":{"start":{"line":87,"column":23},"end":{"line":87,"column":43}},"33":{"start":{"line":88,"column":8},"end":{"line":88,"column":34}},"34":{"start":{"line":94,"column":4},"end":{"line":102,"column":5}},"35":{"start":{"line":96,"column":8},"end":{"line":97,"column":18}},"36":{"start":{"line":98,"column":11},"end":{"line":102,"column":5}},"37":{"start":{"line":100,"column":8},"end":{"line":101,"column":18}},"38":{"start":{"line":105,"column":22},"end":{"line":105,"column":42}},"39":{"start":{"line":108,"column":4},"end":{"line":108,"column":70}},"40":{"start":{"line":109,"column":4},"end":{"line":109,"column":72}},"41":{"start":{"line":110,"column":4},"end":{"line":110,"column":56}},"42":{"start":{"line":113,"column":4},"end":{"line":113,"column":39}}},"fnMap":{"0":{"name":"getSuggestions","decl":{"start":{"line":4,"column":15},"end":{"line":4,"column":29}},"loc":{"start":{"line":4,"column":37},"end":{"line":38,"column":1}},"line":4},"1":{"name":"getAccessToken","decl":{"start":{"line":40,"column":15},"end":{"line":40,"column":29}},"loc":{"start":{"line":40,"column":32},"end":{"line":64,"column":1}},"line":40},"2":{"name":"getEvents","decl":{"start":{"line":66,"column":15},"end":{"line":66,"column":24}},"loc":{"start":{"line":66,"column":41},"end":{"line":90,"column":1}},"line":66},"3":{"name":"getOrRenewAccessToken","decl":{"start":{"line":92,"column":15},"end":{"line":92,"column":36}},"loc":{"start":{"line":92,"column":48},"end":{"line":114,"column":1}},"line":92}},"branchMap":{"0":{"loc":{"start":{"line":5,"column":4},"end":{"line":27,"column":5}},"type":"if","locations":[{"start":{"line":5,"column":4},"end":{"line":27,"column":5}},{"start":{"line":5,"column":4},"end":{"line":27,"column":5}}],"line":5},"1":{"loc":{"start":{"line":30,"column":4},"end":{"line":36,"column":5}},"type":"if","locations":[{"start":{"line":30,"column":4},"end":{"line":36,"column":5}},{"start":{"line":30,"column":4},"end":{"line":36,"column":5}}],"line":30},"2":{"loc":{"start":{"line":43,"column":4},"end":{"line":52,"column":5}},"type":"if","locations":[{"start":{"line":43,"column":4},"end":{"line":52,"column":5}},{"start":{"line":43,"column":4},"end":{"line":52,"column":5}}],"line":43},"3":{"loc":{"start":{"line":47,"column":8},"end":{"line":50,"column":9}},"type":"if","locations":[{"start":{"line":47,"column":8},"end":{"line":50,"column":9}},{"start":{"line":47,"column":8},"end":{"line":50,"column":9}}],"line":47},"4":{"loc":{"start":{"line":56,"column":4},"end":{"line":58,"column":5}},"type":"if","locations":[{"start":{"line":56,"column":4},"end":{"line":58,"column":5}},{"start":{"line":56,"column":4},"end":{"line":58,"column":5}}],"line":56},"5":{"loc":{"start":{"line":56,"column":8},"end":{"line":56,"column":61}},"type":"binary-expr","locations":[{"start":{"line":56,"column":8},"end":{"line":56,"column":19}},{"start":{"line":56,"column":24},"end":{"line":56,"column":60}}],"line":56},"6":{"loc":{"start":{"line":67,"column":4},"end":{"line":73,"column":5}},"type":"if","locations":[{"start":{"line":67,"column":4},"end":{"line":73,"column":5}},{"start":{"line":67,"column":4},"end":{"line":73,"column":5}}],"line":67},"7":{"loc":{"start":{"line":68,"column":8},"end":{"line":72,"column":9}},"type":"if","locations":[{"start":{"line":68,"column":8},"end":{"line":72,"column":9}},{"start":{"line":68,"column":8},"end":{"line":72,"column":9}}],"line":68},"8":{"loc":{"start":{"line":77,"column":4},"end":{"line":89,"column":5}},"type":"if","locations":[{"start":{"line":77,"column":4},"end":{"line":89,"column":5}},{"start":{"line":77,"column":4},"end":{"line":89,"column":5}}],"line":77},"9":{"loc":{"start":{"line":81,"column":8},"end":{"line":83,"column":9}},"type":"if","locations":[{"start":{"line":81,"column":8},"end":{"line":83,"column":9}},{"start":{"line":81,"column":8},"end":{"line":83,"column":9}}],"line":81},"10":{"loc":{"start":{"line":81,"column":12},"end":{"line":81,"column":22}},"type":"binary-expr","locations":[{"start":{"line":81,"column":12},"end":{"line":81,"column":15}},{"start":{"line":81,"column":19},"end":{"line":81,"column":22}}],"line":81},"11":{"loc":{"start":{"line":84,"column":8},"end":{"line":86,"column":9}},"type":"if","locations":[{"start":{"line":84,"column":8},"end":{"line":86,"column":9}},{"start":{"line":84,"column":8},"end":{"line":86,"column":9}}],"line":84},"12":{"loc":{"start":{"line":94,"column":4},"end":{"line":102,"column":5}},"type":"if","locations":[{"start":{"line":94,"column":4},"end":{"line":102,"column":5}},{"start":{"line":94,"column":4},"end":{"line":102,"column":5}}],"line":94},"13":{"loc":{"start":{"line":98,"column":11},"end":{"line":102,"column":5}},"type":"if","locations":[{"start":{"line":98,"column":11},"end":{"line":102,"column":5}},{"start":{"line":98,"column":11},"end":{"line":102,"column":5}}],"line":98}},"s":{"0":2,"1":2,"2":0,"3":0,"4":0,"5":0,"6":0,"7":0,"8":0,"9":0,"10":0,"11":0,"12":0,"13":0,"14":0,"15":0,"16":0,"17":0,"18":0,"19":0,"20":0,"21":7,"22":7,"23":1,"24":6,"25":0,"26":0,"27":0,"28":0,"29":0,"30":0,"31":0,"32":0,"33":0,"34":0,"35":0,"36":0,"37":0,"38":0,"39":0,"40":0,"41":0,"42":0},"f":{"0":2,"1":0,"2":7,"3":0},"b":{"0":[2,0],"1":[0,0],"2":[0,0],"3":[0,0],"4":[0,0],"5":[0,0],"6":[7,0],"7":[1,6],"8":[0,0],"9":[0,0],"10":[0,0],"11":[0,0],"12":[0,0],"13":[0,0]},"_coverageSchema":"43e27e138ebf9cfc5966b082cf9a028302ed4184","hash":"df988419e031321220c1c0b0bb6d79fc358a7cd2"}
}
