TN:
SF:/Users/eden/meetup/src/App.js
FN:17,(anonymous_0)
FN:21,(anonymous_1)
FN:28,(anonymous_2)
FN:33,(anonymous_3)
FN:39,(anonymous_4)
FNF:5
FNH:5
FNDA:5,(anonymous_0)
FNDA:1,(anonymous_1)
FNDA:7,(anonymous_2)
FNDA:7,(anonymous_3)
FNDA:15,(anonymous_4)
DA:10,5
DA:18,5
DA:22,1
DA:25,1
DA:28,5
DA:30,7
DA:34,7
DA:40,15
LF:8
LH:8
BRDA:31,0,0,1
BRDA:31,0,1,6
BRDA:32,1,0,1
BRDA:32,1,1,6
BRDA:33,2,0,1
BRDA:33,2,1,6
BRF:6
BRH:6
end_of_record
TN:
SF:/Users/eden/meetup/src/EventList.js
FN:7,(anonymous_0)
FN:13,(anonymous_1)
FNF:2
FNH:2
FNDA:12,(anonymous_0)
FNDA:73,(anonymous_1)
DA:11,12
DA:14,73
LF:2
LH:2
BRF:0
BRH:0
end_of_record
TN:
SF:/Users/eden/meetup/src/NumberOfEvents.js
FN:10,(anonymous_0)
FN:17,(anonymous_1)
FNF:2
FNH:2
FNDA:4,(anonymous_0)
FNDA:18,(anonymous_1)
DA:6,8
DA:10,8
DA:11,4
DA:12,4
DA:13,3
DA:14,3
DA:18,18
DA:20,18
LF:8
LH:8
BRDA:12,0,0,1
BRDA:12,0,1,3
BRDA:12,1,0,4
BRDA:12,1,1,1
BRDA:18,2,0,0
BRDA:18,2,1,18
BRDA:18,3,0,18
BRDA:18,3,1,18
BRF:8
BRH:7
end_of_record
TN:
SF:/Users/eden/meetup/src/api.js
FN:4,getSuggestions
FN:40,getAccessToken
FN:66,getEvents
FN:92,getOrRenewAccessToken
FNF:4
FNH:2
FNDA:2,getSuggestions
FNDA:0,getAccessToken
FNDA:7,getEvents
FNDA:0,getOrRenewAccessToken
DA:5,2
DA:6,2
DA:29,0
DA:30,0
DA:31,0
DA:34,0
DA:35,0
DA:37,0
DA:41,0
DA:43,0
DA:44,0
DA:45,0
DA:47,0
DA:48,0
DA:49,0
DA:51,0
DA:54,0
DA:56,0
DA:57,0
DA:61,0
DA:62,0
DA:67,7
DA:68,7
DA:69,1
DA:71,6
DA:75,0
DA:77,0
DA:78,0
DA:81,0
DA:82,0
DA:84,0
DA:85,0
DA:87,0
DA:88,0
DA:94,0
DA:96,0
DA:98,0
DA:100,0
DA:105,0
DA:108,0
DA:109,0
DA:110,0
DA:113,0
LF:43
LH:6
BRDA:5,0,0,2
BRDA:5,0,1,0
BRDA:30,1,0,0
BRDA:30,1,1,0
BRDA:43,2,0,0
BRDA:43,2,1,0
BRDA:47,3,0,0
BRDA:47,3,1,0
BRDA:56,4,0,0
BRDA:56,4,1,0
BRDA:56,5,0,0
BRDA:56,5,1,0
BRDA:67,6,0,7
BRDA:67,6,1,0
BRDA:68,7,0,1
BRDA:68,7,1,6
BRDA:77,8,0,0
BRDA:77,8,1,0
BRDA:81,9,0,0
BRDA:81,9,1,0
BRDA:81,10,0,0
BRDA:81,10,1,0
BRDA:84,11,0,0
BRDA:84,11,1,0
BRDA:94,12,0,0
BRDA:94,12,1,0
BRDA:98,13,0,0
BRDA:98,13,1,0
BRF:28
BRH:4
end_of_record
